<?xml version="1.0" encoding="UTF-8"?>
<testsuite name="io.datawire.labs.hellospring.HelloSpringApplicationTests" tests="1" skipped="0" failures="0" errors="0" timestamp="2020-10-06T03:17:18" hostname="jinyoungui-MacBook-Pro.local" time="0.033">
  <properties/>
  <testcase name="contextLoads" classname="io.datawire.labs.hellospring.HelloSpringApplicationTests" time="0.033"/>
  <system-out><![CDATA[12:17:15.609 [Test worker] DEBUG org.springframework.test.context.junit4.SpringJUnit4ClassRunner - SpringJUnit4ClassRunner constructor called with [class io.datawire.labs.hellospring.HelloSpringApplicationTests]
12:17:15.614 [Test worker] DEBUG org.springframework.test.context.BootstrapUtils - Instantiating CacheAwareContextLoaderDelegate from class [org.springframework.test.context.cache.DefaultCacheAwareContextLoaderDelegate]
12:17:15.623 [Test worker] DEBUG org.springframework.test.context.BootstrapUtils - Instantiating BootstrapContext using constructor [public org.springframework.test.context.support.DefaultBootstrapContext(java.lang.Class,org.springframework.test.context.CacheAwareContextLoaderDelegate)]
12:17:15.642 [Test worker] DEBUG org.springframework.test.context.BootstrapUtils - Instantiating TestContextBootstrapper for test class [io.datawire.labs.hellospring.HelloSpringApplicationTests] from class [org.springframework.boot.test.context.SpringBootTestContextBootstrapper]
12:17:15.656 [Test worker] INFO org.springframework.boot.test.context.SpringBootTestContextBootstrapper - Neither @ContextConfiguration nor @ContextHierarchy found for test class [io.datawire.labs.hellospring.HelloSpringApplicationTests], using SpringBootContextLoader
12:17:15.660 [Test worker] DEBUG org.springframework.test.context.support.AbstractContextLoader - Did not detect default resource location for test class [io.datawire.labs.hellospring.HelloSpringApplicationTests]: class path resource [io/datawire/labs/hellospring/HelloSpringApplicationTests-context.xml] does not exist
12:17:15.660 [Test worker] DEBUG org.springframework.test.context.support.AbstractContextLoader - Did not detect default resource location for test class [io.datawire.labs.hellospring.HelloSpringApplicationTests]: class path resource [io/datawire/labs/hellospring/HelloSpringApplicationTestsContext.groovy] does not exist
12:17:15.661 [Test worker] INFO org.springframework.test.context.support.AbstractContextLoader - Could not detect default resource locations for test class [io.datawire.labs.hellospring.HelloSpringApplicationTests]: no resource found for suffixes {-context.xml, Context.groovy}.
12:17:15.661 [Test worker] INFO org.springframework.test.context.support.AnnotationConfigContextLoaderUtils - Could not detect default configuration classes for test class [io.datawire.labs.hellospring.HelloSpringApplicationTests]: HelloSpringApplicationTests does not declare any static, non-private, non-final, nested classes annotated with @Configuration.
12:17:15.707 [Test worker] DEBUG org.springframework.test.context.support.ActiveProfilesUtils - Could not find an 'annotation declaring class' for annotation type [org.springframework.test.context.ActiveProfiles] and class [io.datawire.labs.hellospring.HelloSpringApplicationTests]
12:17:15.717 [Test worker] DEBUG org.springframework.core.env.StandardEnvironment - Adding PropertySource 'systemProperties' with lowest search precedence
12:17:15.717 [Test worker] DEBUG org.springframework.core.env.StandardEnvironment - Adding PropertySource 'systemEnvironment' with lowest search precedence
12:17:15.719 [Test worker] DEBUG org.springframework.core.env.StandardEnvironment - Initialized StandardEnvironment with PropertySources [MapPropertySource@523315109 {name='systemProperties', properties={java.runtime.name=OpenJDK Runtime Environment, sun.boot.library.path=/Users/jinyoungkim/.sdkman/candidates/java/8.0.163-zulu/jre/lib, java.vm.version=25.163-b01, gopherProxySet=false, java.vm.vendor=Azul Systems, Inc., java.vendor.url=http://www.azulsystems.com/, path.separator=:, java.vm.name=OpenJDK 64-Bit Server VM, file.encoding.pkg=sun.io, sun.java.launcher=SUN_STANDARD, user.country=KR, sun.os.patch.level=unknown, java.vm.specification.name=Java Virtual Machine Specification, user.dir=/Users/jinyoungkim/git/hello-world-spring-boot, java.runtime.version=1.8.0_163-b01, java.awt.graphicsenv=sun.awt.CGraphicsEnvironment, java.endorsed.dirs=/Users/jinyoungkim/.sdkman/candidates/java/8.0.163-zulu/jre/lib/endorsed, os.arch=x86_64, java.io.tmpdir=/var/folders/v6/m0jzscvs79l077w70n_2tp200000gn/T/, line.separator=
, java.vm.specification.vendor=Oracle Corporation, user.variant=, os.name=Mac OS X, sun.jnu.encoding=UTF-8, java.library.path=/Users/jinyoungkim/Library/Java/Extensions:/Library/Java/Extensions:/Network/Library/Java/Extensions:/System/Library/Java/Extensions:/usr/lib/java:., java.specification.name=Java Platform API Specification, java.class.version=52.0, sun.management.compiler=HotSpot 64-Bit Tiered Compilers, os.version=10.15.7, http.nonProxyHosts=local|*.local|169.254/16|*.169.254/16|lx.astxsvc.com|*.lx.astxsvc.com|127.0.0.1:21300|*.127.0.0.1:21300, user.home=/Users/jinyoungkim, user.timezone=Asia/Seoul, java.awt.printerjob=sun.lwawt.macosx.CPrinterJob, file.encoding=UTF-8, java.specification.version=1.8, java.class.path=/Users/jinyoungkim/git/hello-world-spring-boot/build/classes/test:/Users/jinyoungkim/git/hello-world-spring-boot/build/resources/test:/Users/jinyoungkim/git/hello-world-spring-boot/build/classes/main:/Users/jinyoungkim/git/hello-world-spring-boot/build/resources/main:/Users/jinyoungkim/.gradle/caches/modules-2/files-2.1/org.springframework.boot/spring-boot-starter-actuator/1.5.9.RELEASE/5fcdcdef573e55e5dba9b499e3f5582f6b3c3fbe/spring-boot-starter-actuator-1.5.9.RELEASE.jar:/Users/jinyoungkim/.gradle/caches/modules-2/files-2.1/org.springframework.boot/spring-boot-starter-web/1.5.9.RELEASE/bda9733d5e6ba6d1a97deead1738713dc0631b3e/spring-boot-starter-web-1.5.9.RELEASE.jar:/Users/jinyoungkim/.gradle/caches/modules-2/files-2.1/org.springframework.boot/spring-boot-devtools/1.5.9.RELEASE/8908280f33c65ffa21789020e7a37d46a798d445/spring-boot-devtools-1.5.9.RELEASE.jar:/Users/jinyoungkim/.gradle/caches/modules-2/files-2.1/org.springframework.boot/spring-boot-starter-test/1.5.9.RELEASE/b5adf6fbf53be00b7ae52f657d564122edbe5156/spring-boot-starter-test-1.5.9.RELEASE.jar:/Users/jinyoungkim/.gradle/caches/modules-2/files-2.1/org.springframework.boot/spring-boot-starter/1.5.9.RELEASE/6bfb34db2715ee86c6e2337fa145650588b4b1b3/spring-boot-starter-1.5.9.RELEASE.jar:/Users/jinyoungkim/.gradle/caches/modules-2/files-2.1/org.springframework.boot/spring-boot-actuator/1.5.9.RELEASE/c4aaf71a1298c1bde690fcf75df39036745396c6/spring-boot-actuator-1.5.9.RELEASE.jar:/Users/jinyoungkim/.gradle/caches/modules-2/files-2.1/org.springframework.boot/spring-boot-starter-tomcat/1.5.9.RELEASE/4615056f8a2bcad03ba8cdf410419ee3d101c5bb/spring-boot-starter-tomcat-1.5.9.RELEASE.jar:/Users/jinyoungkim/.gradle/caches/modules-2/files-2.1/org.hibernate/hibernate-validator/5.3.6.Final/4c730be8bf55a8e9a61e79a2f2c079abf48b718/hibernate-validator-5.3.6.Final.jar:/Users/jinyoungkim/.gradle/caches/modules-2/files-2.1/com.fasterxml.jackson.core/jackson-databind/2.8.10/f7b83cb2bc4b88d53961e749e1ad32f49ef017b7/jackson-databind-2.8.10.jar:/Users/jinyoungkim/.gradle/caches/modules-2/files-2.1/org.springframework/spring-web/4.3.13.RELEASE/7cd084992d546165ede3e99bc31ee49c937f0ce7/spring-web-4.3.13.RELEASE.jar:/Users/jinyoungkim/.gradle/caches/modules-2/files-2.1/org.springframework/spring-webmvc/4.3.13.RELEASE/87a095c7a1d13fe433ae6712787238c1dbaa6919/spring-webmvc-4.3.13.RELEASE.jar:/Users/jinyoungkim/.gradle/caches/modules-2/files-2.1/org.springframework.boot/spring-boot/1.5.9.RELEASE/f472cdf948288796fb31e0bb03f6e7b022b763a0/spring-boot-1.5.9.RELEASE.jar:/Users/jinyoungkim/.gradle/caches/modules-2/files-2.1/org.springframework.boot/spring-boot-autoconfigure/1.5.9.RELEASE/88dd18bdaf317ae40971573a051fd47265f2ed39/spring-boot-autoconfigure-1.5.9.RELEASE.jar:/Users/jinyoungkim/.gradle/caches/modules-2/files-2.1/org.springframework.boot/spring-boot-test/1.5.9.RELEASE/7e604d56325f04a8b89a280e647746fc69e5a21f/spring-boot-test-1.5.9.RELEASE.jar:/Users/jinyoungkim/.gradle/caches/modules-2/files-2.1/org.springframework.boot/spring-boot-test-autoconfigure/1.5.9.RELEASE/b428495e25b0531b2a977f51c5d29011c817b8ee/spring-boot-test-autoconfigure-1.5.9.RELEASE.jar:/Users/jinyoungkim/.gradle/caches/modules-2/files-2.1/com.jayway.jsonpath/json-path/2.2.0/22290d17944bd239fabf5ac69005a60a7ecbbbcb/json-path-2.2.0.jar:/Users/jinyoungkim/.gradle/caches/modules-2/files-2.1/junit/junit/4.12/2973d150c0dc1fefe998f834810d68f278ea58ec/junit-4.12.jar:/Users/jinyoungkim/.gradle/caches/modules-2/files-2.1/org.assertj/assertj-core/2.6.0/b532c3fc4f66bcfee4989a3514f1cd56203a33ad/assertj-core-2.6.0.jar:/Users/jinyoungkim/.gradle/caches/modules-2/files-2.1/org.mockito/mockito-core/1.10.19/e8546f5bef4e061d8dd73895b4e8f40e3fe6effe/mockito-core-1.10.19.jar:/Users/jinyoungkim/.gradle/caches/modules-2/files-2.1/org.hamcrest/hamcrest-core/1.3/42a25dc3219429f0e5d060061f71acb49bf010a0/hamcrest-core-1.3.jar:/Users/jinyoungkim/.gradle/caches/modules-2/files-2.1/org.hamcrest/hamcrest-library/1.3/4785a3c21320980282f9f33d0d1264a69040538f/hamcrest-library-1.3.jar:/Users/jinyoungkim/.gradle/caches/modules-2/files-2.1/org.skyscreamer/jsonassert/1.4.0/9cdbb373a06f6513e51e8c545ee6a5e981463edb/jsonassert-1.4.0.jar:/Users/jinyoungkim/.gradle/caches/modules-2/files-2.1/org.springframework/spring-core/4.3.13.RELEASE/eea18d7f4d01f1baa1b6728b678b5a6fe23c61f6/spring-core-4.3.13.RELEASE.jar:/Users/jinyoungkim/.gradle/caches/modules-2/files-2.1/org.springframework/spring-test/4.3.13.RELEASE/f4ff71b0d628d37f334d4f1f197c1b8cea364d01/spring-test-4.3.13.RELEASE.jar:/Users/jinyoungkim/.gradle/caches/modules-2/files-2.1/org.springframework.boot/spring-boot-starter-logging/1.5.9.RELEASE/30fd62a1ce9639759d90d49608501082314c1628/spring-boot-starter-logging-1.5.9.RELEASE.jar:/Users/jinyoungkim/.gradle/caches/modules-2/files-2.1/org.yaml/snakeyaml/1.17/7a27ea250c5130b2922b86dea63cbb1cc10a660c/snakeyaml-1.17.jar:/Users/jinyoungkim/.gradle/caches/modules-2/files-2.1/org.springframework/spring-context/4.3.13.RELEASE/6ab1c189a13182fa3256f6bbc68fafdaf8f5a19e/spring-context-4.3.13.RELEASE.jar:/Users/jinyoungkim/.gradle/caches/modules-2/files-2.1/org.apache.tomcat.embed/tomcat-embed-core/8.5.23/79261793a47f507890ee08f749b9d81774e4f7f0/tomcat-embed-core-8.5.23.jar:/Users/jinyoungkim/.gradle/caches/modules-2/files-2.1/org.apache.tomcat.embed/tomcat-embed-el/8.5.23/98d979cde444dffa6d434c8377d0123b2dfa614c/tomcat-embed-el-8.5.23.jar:/Users/jinyoungkim/.gradle/caches/modules-2/files-2.1/org.apache.tomcat.embed/tomcat-embed-websocket/8.5.23/52f07abcae10dc7e1764304b0877def175c2c833/tomcat-embed-websocket-8.5.23.jar:/Users/jinyoungkim/.gradle/caches/modules-2/files-2.1/javax.validation/validation-api/1.1.0.Final/8613ae82954779d518631e05daa73a6a954817d5/validation-api-1.1.0.Final.jar:/Users/jinyoungkim/.gradle/caches/modules-2/files-2.1/org.jboss.logging/jboss-logging/3.3.1.Final/c46217ab74b532568c0ed31dc599db3048bd1b67/jboss-logging-3.3.1.Final.jar:/Users/jinyoungkim/.gradle/caches/modules-2/files-2.1/com.fasterxml/classmate/1.3.4/3d5f48f10bbe4eb7bd862f10c0583be2e0053c6/classmate-1.3.4.jar:/Users/jinyoungkim/.gradle/caches/modules-2/files-2.1/com.fasterxml.jackson.core/jackson-annotations/2.8.0/45b426f7796b741035581a176744d91090e2e6fb/jackson-annotations-2.8.0.jar:/Users/jinyoungkim/.gradle/caches/modules-2/files-2.1/com.fasterxml.jackson.core/jackson-core/2.8.10/eb21a035c66ad307e66ec8fce37f5d50fd62d039/jackson-core-2.8.10.jar:/Users/jinyoungkim/.gradle/caches/modules-2/files-2.1/org.springframework/spring-aop/4.3.13.RELEASE/61f427b55951f59b50f3c2bd0de3c48960e2a342/spring-aop-4.3.13.RELEASE.jar:/Users/jinyoungkim/.gradle/caches/modules-2/files-2.1/org.springframework/spring-beans/4.3.13.RELEASE/8613a7077722f1d97f8cb3fea4b0b40bfadf4496/spring-beans-4.3.13.RELEASE.jar:/Users/jinyoungkim/.gradle/caches/modules-2/files-2.1/org.springframework/spring-expression/4.3.13.RELEASE/da22bf7df1262e429b49653be6cd5b89b6affe5e/spring-expression-4.3.13.RELEASE.jar:/Users/jinyoungkim/.gradle/caches/modules-2/files-2.1/net.minidev/json-smart/2.2.1/5b9e5df7a62d1279b70dc882b041d249c4f0b002/json-smart-2.2.1.jar:/Users/jinyoungkim/.gradle/caches/modules-2/files-2.1/org.slf4j/slf4j-api/1.7.25/da76ca59f6a57ee3102f8f9bd9cee742973efa8a/slf4j-api-1.7.25.jar:/Users/jinyoungkim/.gradle/caches/modules-2/files-2.1/org.objenesis/objenesis/2.1/87c0ea803b69252868d09308b4618f766f135a96/objenesis-2.1.jar:/Users/jinyoungkim/.gradle/caches/modules-2/files-2.1/com.vaadin.external.google/android-json/0.0.20131108.vaadin1/fa26d351fe62a6a17f5cda1287c1c6110dec413f/android-json-0.0.20131108.vaadin1.jar:/Users/jinyoungkim/.gradle/caches/modules-2/files-2.1/ch.qos.logback/logback-classic/1.1.11/ccedfbacef4a6515d2983e3f89ed753d5d4fb665/logback-classic-1.1.11.jar:/Users/jinyoungkim/.gradle/caches/modules-2/files-2.1/org.slf4j/jcl-over-slf4j/1.7.25/f8c32b13ff142a513eeb5b6330b1588dcb2c0461/jcl-over-slf4j-1.7.25.jar:/Users/jinyoungkim/.gradle/caches/modules-2/files-2.1/org.slf4j/jul-to-slf4j/1.7.25/af5364cd6679bfffb114f0dec8a157aaa283b76/jul-to-slf4j-1.7.25.jar:/Users/jinyoungkim/.gradle/caches/modules-2/files-2.1/org.slf4j/log4j-over-slf4j/1.7.25/a87bb47468f47ee7aabbd54f93e133d4215769c3/log4j-over-slf4j-1.7.25.jar:/Users/jinyoungkim/.gradle/caches/modules-2/files-2.1/org.apache.tomcat/tomcat-annotations-api/8.5.23/aaf17df9fe0240e9e9d5375d24d5f177174b73d9/tomcat-annotations-api-8.5.23.jar:/Users/jinyoungkim/.gradle/caches/modules-2/files-2.1/net.minidev/accessors-smart/1.1/a527213f2fea112a04c9bdf0ec0264e34104cd08/accessors-smart-1.1.jar:/Users/jinyoungkim/.gradle/caches/modules-2/files-2.1/ch.qos.logback/logback-core/1.1.11/88b8df40340eed549fb07e2613879bf6b006704d/logback-core-1.1.11.jar:/Users/jinyoungkim/.gradle/caches/modules-2/files-2.1/org.ow2.asm/asm/5.0.3/dcc2193db20e19e1feca8b1240dbbc4e190824fa/asm-5.0.3.jar, user.name=jinyoungkim, java.vm.specification.version=1.8, sun.java.command=worker.org.gradle.process.internal.worker.GradleWorkerMain 'Gradle Test Executor 1', java.home=/Users/jinyoungkim/.sdkman/candidates/java/8.0.163-zulu/jre, sun.arch.data.model=64, user.language=ko, java.specification.vendor=Oracle Corporation, awt.toolkit=sun.lwawt.macosx.LWCToolkit, java.vm.info=mixed mode, java.version=1.8.0_163, java.ext.dirs=/Users/jinyoungkim/Library/Java/Extensions:/Users/jinyoungkim/.sdkman/candidates/java/8.0.163-zulu/jre/lib/ext:/Library/Java/Extensions:/Network/Library/Java/Extensions:/System/Library/Java/Extensions:/usr/lib/java, sun.boot.class.path=/Users/jinyoungkim/.sdkman/candidates/java/8.0.163-zulu/jre/lib/resources.jar:/Users/jinyoungkim/.sdkman/candidates/java/8.0.163-zulu/jre/lib/rt.jar:/Users/jinyoungkim/.sdkman/candidates/java/8.0.163-zulu/jre/lib/sunrsasign.jar:/Users/jinyoungkim/.sdkman/candidates/java/8.0.163-zulu/jre/lib/jsse.jar:/Users/jinyoungkim/.sdkman/candidates/java/8.0.163-zulu/jre/lib/jce.jar:/Users/jinyoungkim/.sdkman/candidates/java/8.0.163-zulu/jre/lib/charsets.jar:/Users/jinyoungkim/.sdkman/candidates/java/8.0.163-zulu/jre/lib/jfr.jar:/Users/jinyoungkim/.sdkman/candidates/java/8.0.163-zulu/jre/classes, java.vendor=Azul Systems, Inc., org.gradle.test.worker=1, file.separator=/, java.vendor.url.bug=http://www.azulsystems.com/support/, sun.io.unicode.encoding=UnicodeBig, sun.cpu.endian=little, socksNonProxyHosts=local|*.local|169.254/16|*.169.254/16|lx.astxsvc.com|*.lx.astxsvc.com|127.0.0.1:21300|*.127.0.0.1:21300, ftp.nonProxyHosts=local|*.local|169.254/16|*.169.254/16|lx.astxsvc.com|*.lx.astxsvc.com|127.0.0.1:21300|*.127.0.0.1:21300, sun.cpu.isalist=}}, SystemEnvironmentPropertySource@671801389 {name='systemEnvironment', properties={PATH=/Users/jinyoungkim/.zinit/polaris/sbin:/Users/jinyoungkim/.zinit/polaris/bin:/Users/jinyoungkim/.nvm/versions/node/v14.8.0/bin:/Users/jinyoungkim/.sdkman/candidates/springboot/current/bin:/Users/jinyoungkim/.sdkman/candidates/maven/current/bin:/Users/jinyoungkim/.sdkman/candidates/java/current/bin:/Users/jinyoungkim/.sdkman/candidates/gradle/current/bin:/Library/Frameworks/Python.framework/Versions/3.7/bin:/opt/local/bin:/opt/local/sbin:/usr/local/bin:/usr/bin:/bin:/usr/sbin:/sbin:/usr/local/opt/fzf/bin, APP_ICON_16874=/Users/jinyoungkim/git/hello-world-spring-boot/media/gradle.icns, SDKMAN_VERSION=5.6.3+299, ZDOTDIR=, APP_NAME_16874=Gradle, __INTELLIJ_COMMAND_HISTFILE__=/Users/jinyoungkim/Library/Preferences/IntelliJIdea2019.3/terminal/history/history-51, MAVEN_HOME=/Users/jinyoungkim/.sdkman/candidates/maven/current, P9K_TTY=old, SDKMAN_DIR=/Users/jinyoungkim/.sdkman, INSTANCE_PROFILE_ARN=arn:aws:iam::037729278610:instance-profile/eksctl-demo-dev-nodegroup-ng-1-workers-NodeInstanceProfile-126E3EJFKCP0M, LOGNAME=jinyoungkim, PWD=/Users/jinyoungkim/git/hello-world-spring-boot, SPRINGBOOT_HOME=/Users/jinyoungkim/.sdkman/candidates/springboot/current, ZPFX=/Users/jinyoungkim/.zinit/polaris, NVM_CD_FLAGS=-q, SHELL=/bin/zsh, PAGER=less, SECURITYSESSIONID=186ad, OLDPWD=/Users/jinyoungkim/git/hello-world-spring-boot, ZSH=/Users/jinyoungkim/.oh-my-zsh, P9K_SSH=0, LOGIN_SHELL=1, TMPDIR=/var/folders/v6/m0jzscvs79l077w70n_2tp200000gn/T/, XPC_FLAGS=0x0, __CF_USER_TEXT_ENCODING=0x1F5:0x3:0x33, PROMPT_EOL_MARK=, LESS=-R, LC_CTYPE=ko_KR.UTF-8, SHLVL=1, SDKMAN_CURRENT_API=https://api.sdkman.io/2, JAVA_MAIN_CLASS_16874=org.gradle.wrapper.GradleWrapperMain, JAVA_HOME=/Users/jinyoungkim/.sdkman/candidates/java/current, TERM=xterm-256color, VIRTUAL_ENV_DISABLE_PROMPT=12, JAVA_MAIN_CLASS_16919=worker.org.gradle.process.internal.worker.GradleWorkerMain, GRADLE_HOME=/Users/jinyoungkim/.sdkman/candidates/gradle/current, NVM_INC=/Users/jinyoungkim/.nvm/versions/node/v14.8.0/include/node, XPC_SERVICE_NAME=0, SDKMAN_CANDIDATES_DIR=/Users/jinyoungkim/.sdkman/candidates, PMSPEC=0uUpiPsf, SDKMAN_LEGACY_API=https://api.sdkman.io/1, NVM_DIR=/Users/jinyoungkim/.nvm, LSCOLORS=Gxfxcxdxbxegedabagacad, ZSH_CACHE_DIR=/Users/jinyoungkim/.oh-my-zsh/cache, ROLE_NAME=eksctl-office-space-prod-nodegrou-NodeInstanceRole-1JOUDO8GWJKIN, SDKMAN_PLATFORM=Darwin, USER=jinyoungkim, LaunchInstanceID=B0C77E19-55C0-427F-A1BE-BC7DA049EA32, TERMINAL_EMULATOR=JetBrains-JediTerm, SSH_AUTH_SOCK=/private/tmp/com.apple.launchd.ulHpTt9nXG/Listeners, EDITOR=/usr/local/bin/nvim, NVM_BIN=/Users/jinyoungkim/.nvm/versions/node/v14.8.0/bin, HOME=/Users/jinyoungkim}}]
12:17:15.733 [Test worker] DEBUG org.springframework.core.io.support.PathMatchingResourcePatternResolver - Resolved classpath location [io/datawire/labs/hellospring/] to resources [URL [file:/Users/jinyoungkim/git/hello-world-spring-boot/build/classes/test/io/datawire/labs/hellospring/], URL [file:/Users/jinyoungkim/git/hello-world-spring-boot/build/classes/main/io/datawire/labs/hellospring/]]
12:17:15.734 [Test worker] DEBUG org.springframework.core.io.support.PathMatchingResourcePatternResolver - Looking for matching resources in directory tree [/Users/jinyoungkim/git/hello-world-spring-boot/build/classes/test/io/datawire/labs/hellospring]
12:17:15.734 [Test worker] DEBUG org.springframework.core.io.support.PathMatchingResourcePatternResolver - Searching directory [/Users/jinyoungkim/git/hello-world-spring-boot/build/classes/test/io/datawire/labs/hellospring] for files matching pattern [/Users/jinyoungkim/git/hello-world-spring-boot/build/classes/test/io/datawire/labs/hellospring/*.class]
12:17:15.738 [Test worker] DEBUG org.springframework.core.io.support.PathMatchingResourcePatternResolver - Looking for matching resources in directory tree [/Users/jinyoungkim/git/hello-world-spring-boot/build/classes/main/io/datawire/labs/hellospring]
12:17:15.738 [Test worker] DEBUG org.springframework.core.io.support.PathMatchingResourcePatternResolver - Searching directory [/Users/jinyoungkim/git/hello-world-spring-boot/build/classes/main/io/datawire/labs/hellospring] for files matching pattern [/Users/jinyoungkim/git/hello-world-spring-boot/build/classes/main/io/datawire/labs/hellospring/*.class]
12:17:15.739 [Test worker] DEBUG org.springframework.core.io.support.PathMatchingResourcePatternResolver - Resolved location pattern [classpath*:io/datawire/labs/hellospring/*.class] to resources [file [/Users/jinyoungkim/git/hello-world-spring-boot/build/classes/test/io/datawire/labs/hellospring/HelloSpringApplicationTests.class], file [/Users/jinyoungkim/git/hello-world-spring-boot/build/classes/main/io/datawire/labs/hellospring/HelloController.class], file [/Users/jinyoungkim/git/hello-world-spring-boot/build/classes/main/io/datawire/labs/hellospring/HelloSpringApplication.class]]
12:17:15.799 [Test worker] DEBUG org.springframework.context.annotation.ClassPathScanningCandidateComponentProvider - Identified candidate component class: file [/Users/jinyoungkim/git/hello-world-spring-boot/build/classes/main/io/datawire/labs/hellospring/HelloSpringApplication.class]
12:17:15.800 [Test worker] INFO org.springframework.boot.test.context.SpringBootTestContextBootstrapper - Found @SpringBootConfiguration io.datawire.labs.hellospring.HelloSpringApplication for test class io.datawire.labs.hellospring.HelloSpringApplicationTests
12:17:15.804 [Test worker] DEBUG org.springframework.boot.test.context.SpringBootTestContextBootstrapper - @TestExecutionListeners is not present for class [io.datawire.labs.hellospring.HelloSpringApplicationTests]: using defaults.
12:17:15.808 [Test worker] INFO org.springframework.boot.test.context.SpringBootTestContextBootstrapper - Loaded default TestExecutionListener class names from location [META-INF/spring.factories]: [org.springframework.boot.test.mock.mockito.MockitoTestExecutionListener, org.springframework.boot.test.mock.mockito.ResetMocksTestExecutionListener, org.springframework.boot.test.autoconfigure.restdocs.RestDocsTestExecutionListener, org.springframework.boot.test.autoconfigure.web.client.MockRestServiceServerResetTestExecutionListener, org.springframework.boot.test.autoconfigure.web.servlet.MockMvcPrintOnlyOnFailureTestExecutionListener, org.springframework.boot.test.autoconfigure.web.servlet.WebDriverTestExecutionListener, org.springframework.test.context.web.ServletTestExecutionListener, org.springframework.test.context.support.DirtiesContextBeforeModesTestExecutionListener, org.springframework.test.context.support.DependencyInjectionTestExecutionListener, org.springframework.test.context.support.DirtiesContextTestExecutionListener, org.springframework.test.context.transaction.TransactionalTestExecutionListener, org.springframework.test.context.jdbc.SqlScriptsTestExecutionListener]
12:17:15.820 [Test worker] INFO org.springframework.boot.test.context.SpringBootTestContextBootstrapper - Could not instantiate TestExecutionListener [org.springframework.test.context.transaction.TransactionalTestExecutionListener]. Specify custom listener classes or make the default listener classes (and their required dependencies) available. Offending class: [org/springframework/transaction/TransactionDefinition]
12:17:15.821 [Test worker] INFO org.springframework.boot.test.context.SpringBootTestContextBootstrapper - Could not instantiate TestExecutionListener [org.springframework.test.context.jdbc.SqlScriptsTestExecutionListener]. Specify custom listener classes or make the default listener classes (and their required dependencies) available. Offending class: [org/springframework/transaction/interceptor/TransactionAttribute]
12:17:15.822 [Test worker] INFO org.springframework.boot.test.context.SpringBootTestContextBootstrapper - Using TestExecutionListeners: [org.springframework.test.context.web.ServletTestExecutionListener@7d2be9f5, org.springframework.test.context.support.DirtiesContextBeforeModesTestExecutionListener@547b01f3, org.springframework.boot.test.autoconfigure.SpringBootDependencyInjectionTestExecutionListener@51d97897, org.springframework.test.context.support.DirtiesContextTestExecutionListener@220627df, org.springframework.boot.test.mock.mockito.ResetMocksTestExecutionListener@40162b, org.springframework.boot.test.autoconfigure.web.client.MockRestServiceServerResetTestExecutionListener@c38eb49, org.springframework.boot.test.autoconfigure.web.servlet.WebDriverTestExecutionListener@16bf2799, org.springframework.boot.test.mock.mockito.MockitoTestExecutionListener@514c24e, org.springframework.boot.test.autoconfigure.restdocs.RestDocsTestExecutionListener@5656d89, org.springframework.boot.test.autoconfigure.web.servlet.MockMvcPrintOnlyOnFailureTestExecutionListener@4e4caccf]
12:17:15.825 [Test worker] DEBUG org.springframework.test.annotation.ProfileValueUtils - Retrieved @ProfileValueSourceConfiguration [null] for test class [io.datawire.labs.hellospring.HelloSpringApplicationTests]
12:17:15.825 [Test worker] DEBUG org.springframework.test.annotation.ProfileValueUtils - Retrieved ProfileValueSource type [class org.springframework.test.annotation.SystemProfileValueSource] for class [io.datawire.labs.hellospring.HelloSpringApplicationTests]
12:17:15.826 [Test worker] DEBUG org.springframework.test.annotation.ProfileValueUtils - Retrieved @ProfileValueSourceConfiguration [null] for test class [io.datawire.labs.hellospring.HelloSpringApplicationTests]
12:17:15.827 [Test worker] DEBUG org.springframework.test.annotation.ProfileValueUtils - Retrieved ProfileValueSource type [class org.springframework.test.annotation.SystemProfileValueSource] for class [io.datawire.labs.hellospring.HelloSpringApplicationTests]
12:17:15.831 [Test worker] DEBUG org.springframework.test.context.support.AbstractDirtiesContextTestExecutionListener - Before test class: context [DefaultTestContext@251056a3 testClass = HelloSpringApplicationTests, testInstance = [null], testMethod = [null], testException = [null], mergedContextConfiguration = [WebMergedContextConfiguration@77829fff testClass = HelloSpringApplicationTests, locations = '{}', classes = '{class io.datawire.labs.hellospring.HelloSpringApplication}', contextInitializerClasses = '[]', activeProfiles = '{}', propertySourceLocations = '{}', propertySourceProperties = '{org.springframework.boot.test.context.SpringBootTestContextBootstrapper=true}', contextCustomizers = set[org.springframework.boot.test.context.SpringBootTestContextCustomizer@5a645a58, org.springframework.boot.test.context.filter.ExcludeFilterContextCustomizer@46fe7b65, org.springframework.boot.test.json.DuplicateJsonObjectContextCustomizerFactory$DuplicateJsonObjectContextCustomizer@16e44576, org.springframework.boot.test.mock.mockito.MockitoContextCustomizer@0, org.springframework.boot.test.autoconfigure.properties.PropertyMappingContextCustomizer@0, org.springframework.boot.test.autoconfigure.web.servlet.WebDriverContextCustomizerFactory$Customizer@28106b9e], resourceBasePath = 'src/main/webapp', contextLoader = 'org.springframework.boot.test.context.SpringBootContextLoader', parent = [null]]], class annotated with @DirtiesContext [false] with mode [null].
12:17:15.832 [Test worker] DEBUG org.springframework.test.annotation.ProfileValueUtils - Retrieved @ProfileValueSourceConfiguration [null] for test class [io.datawire.labs.hellospring.HelloSpringApplicationTests]
12:17:15.832 [Test worker] DEBUG org.springframework.test.annotation.ProfileValueUtils - Retrieved ProfileValueSource type [class org.springframework.test.annotation.SystemProfileValueSource] for class [io.datawire.labs.hellospring.HelloSpringApplicationTests]
12:17:15.888 [Test worker] DEBUG org.springframework.core.env.StandardEnvironment - Adding PropertySource 'systemProperties' with lowest search precedence
12:17:15.889 [Test worker] DEBUG org.springframework.core.env.StandardEnvironment - Adding PropertySource 'systemEnvironment' with lowest search precedence
12:17:15.889 [Test worker] DEBUG org.springframework.core.env.StandardEnvironment - Initialized StandardEnvironment with PropertySources [MapPropertySource@833849667 {name='systemProperties', properties={java.runtime.name=OpenJDK Runtime Environment, sun.boot.library.path=/Users/jinyoungkim/.sdkman/candidates/java/8.0.163-zulu/jre/lib, java.vm.version=25.163-b01, gopherProxySet=false, java.vm.vendor=Azul Systems, Inc., java.vendor.url=http://www.azulsystems.com/, path.separator=:, java.vm.name=OpenJDK 64-Bit Server VM, file.encoding.pkg=sun.io, sun.java.launcher=SUN_STANDARD, user.country=KR, sun.os.patch.level=unknown, java.vm.specification.name=Java Virtual Machine Specification, user.dir=/Users/jinyoungkim/git/hello-world-spring-boot, java.runtime.version=1.8.0_163-b01, java.awt.graphicsenv=sun.awt.CGraphicsEnvironment, java.endorsed.dirs=/Users/jinyoungkim/.sdkman/candidates/java/8.0.163-zulu/jre/lib/endorsed, os.arch=x86_64, java.io.tmpdir=/var/folders/v6/m0jzscvs79l077w70n_2tp200000gn/T/, line.separator=
, java.vm.specification.vendor=Oracle Corporation, user.variant=, os.name=Mac OS X, sun.jnu.encoding=UTF-8, java.library.path=/Users/jinyoungkim/Library/Java/Extensions:/Library/Java/Extensions:/Network/Library/Java/Extensions:/System/Library/Java/Extensions:/usr/lib/java:., java.specification.name=Java Platform API Specification, java.class.version=52.0, sun.management.compiler=HotSpot 64-Bit Tiered Compilers, os.version=10.15.7, http.nonProxyHosts=local|*.local|169.254/16|*.169.254/16|lx.astxsvc.com|*.lx.astxsvc.com|127.0.0.1:21300|*.127.0.0.1:21300, user.home=/Users/jinyoungkim, user.timezone=Asia/Seoul, java.awt.printerjob=sun.lwawt.macosx.CPrinterJob, file.encoding=UTF-8, java.specification.version=1.8, java.class.path=/Users/jinyoungkim/git/hello-world-spring-boot/build/classes/test:/Users/jinyoungkim/git/hello-world-spring-boot/build/resources/test:/Users/jinyoungkim/git/hello-world-spring-boot/build/classes/main:/Users/jinyoungkim/git/hello-world-spring-boot/build/resources/main:/Users/jinyoungkim/.gradle/caches/modules-2/files-2.1/org.springframework.boot/spring-boot-starter-actuator/1.5.9.RELEASE/5fcdcdef573e55e5dba9b499e3f5582f6b3c3fbe/spring-boot-starter-actuator-1.5.9.RELEASE.jar:/Users/jinyoungkim/.gradle/caches/modules-2/files-2.1/org.springframework.boot/spring-boot-starter-web/1.5.9.RELEASE/bda9733d5e6ba6d1a97deead1738713dc0631b3e/spring-boot-starter-web-1.5.9.RELEASE.jar:/Users/jinyoungkim/.gradle/caches/modules-2/files-2.1/org.springframework.boot/spring-boot-devtools/1.5.9.RELEASE/8908280f33c65ffa21789020e7a37d46a798d445/spring-boot-devtools-1.5.9.RELEASE.jar:/Users/jinyoungkim/.gradle/caches/modules-2/files-2.1/org.springframework.boot/spring-boot-starter-test/1.5.9.RELEASE/b5adf6fbf53be00b7ae52f657d564122edbe5156/spring-boot-starter-test-1.5.9.RELEASE.jar:/Users/jinyoungkim/.gradle/caches/modules-2/files-2.1/org.springframework.boot/spring-boot-starter/1.5.9.RELEASE/6bfb34db2715ee86c6e2337fa145650588b4b1b3/spring-boot-starter-1.5.9.RELEASE.jar:/Users/jinyoungkim/.gradle/caches/modules-2/files-2.1/org.springframework.boot/spring-boot-actuator/1.5.9.RELEASE/c4aaf71a1298c1bde690fcf75df39036745396c6/spring-boot-actuator-1.5.9.RELEASE.jar:/Users/jinyoungkim/.gradle/caches/modules-2/files-2.1/org.springframework.boot/spring-boot-starter-tomcat/1.5.9.RELEASE/4615056f8a2bcad03ba8cdf410419ee3d101c5bb/spring-boot-starter-tomcat-1.5.9.RELEASE.jar:/Users/jinyoungkim/.gradle/caches/modules-2/files-2.1/org.hibernate/hibernate-validator/5.3.6.Final/4c730be8bf55a8e9a61e79a2f2c079abf48b718/hibernate-validator-5.3.6.Final.jar:/Users/jinyoungkim/.gradle/caches/modules-2/files-2.1/com.fasterxml.jackson.core/jackson-databind/2.8.10/f7b83cb2bc4b88d53961e749e1ad32f49ef017b7/jackson-databind-2.8.10.jar:/Users/jinyoungkim/.gradle/caches/modules-2/files-2.1/org.springframework/spring-web/4.3.13.RELEASE/7cd084992d546165ede3e99bc31ee49c937f0ce7/spring-web-4.3.13.RELEASE.jar:/Users/jinyoungkim/.gradle/caches/modules-2/files-2.1/org.springframework/spring-webmvc/4.3.13.RELEASE/87a095c7a1d13fe433ae6712787238c1dbaa6919/spring-webmvc-4.3.13.RELEASE.jar:/Users/jinyoungkim/.gradle/caches/modules-2/files-2.1/org.springframework.boot/spring-boot/1.5.9.RELEASE/f472cdf948288796fb31e0bb03f6e7b022b763a0/spring-boot-1.5.9.RELEASE.jar:/Users/jinyoungkim/.gradle/caches/modules-2/files-2.1/org.springframework.boot/spring-boot-autoconfigure/1.5.9.RELEASE/88dd18bdaf317ae40971573a051fd47265f2ed39/spring-boot-autoconfigure-1.5.9.RELEASE.jar:/Users/jinyoungkim/.gradle/caches/modules-2/files-2.1/org.springframework.boot/spring-boot-test/1.5.9.RELEASE/7e604d56325f04a8b89a280e647746fc69e5a21f/spring-boot-test-1.5.9.RELEASE.jar:/Users/jinyoungkim/.gradle/caches/modules-2/files-2.1/org.springframework.boot/spring-boot-test-autoconfigure/1.5.9.RELEASE/b428495e25b0531b2a977f51c5d29011c817b8ee/spring-boot-test-autoconfigure-1.5.9.RELEASE.jar:/Users/jinyoungkim/.gradle/caches/modules-2/files-2.1/com.jayway.jsonpath/json-path/2.2.0/22290d17944bd239fabf5ac69005a60a7ecbbbcb/json-path-2.2.0.jar:/Users/jinyoungkim/.gradle/caches/modules-2/files-2.1/junit/junit/4.12/2973d150c0dc1fefe998f834810d68f278ea58ec/junit-4.12.jar:/Users/jinyoungkim/.gradle/caches/modules-2/files-2.1/org.assertj/assertj-core/2.6.0/b532c3fc4f66bcfee4989a3514f1cd56203a33ad/assertj-core-2.6.0.jar:/Users/jinyoungkim/.gradle/caches/modules-2/files-2.1/org.mockito/mockito-core/1.10.19/e8546f5bef4e061d8dd73895b4e8f40e3fe6effe/mockito-core-1.10.19.jar:/Users/jinyoungkim/.gradle/caches/modules-2/files-2.1/org.hamcrest/hamcrest-core/1.3/42a25dc3219429f0e5d060061f71acb49bf010a0/hamcrest-core-1.3.jar:/Users/jinyoungkim/.gradle/caches/modules-2/files-2.1/org.hamcrest/hamcrest-library/1.3/4785a3c21320980282f9f33d0d1264a69040538f/hamcrest-library-1.3.jar:/Users/jinyoungkim/.gradle/caches/modules-2/files-2.1/org.skyscreamer/jsonassert/1.4.0/9cdbb373a06f6513e51e8c545ee6a5e981463edb/jsonassert-1.4.0.jar:/Users/jinyoungkim/.gradle/caches/modules-2/files-2.1/org.springframework/spring-core/4.3.13.RELEASE/eea18d7f4d01f1baa1b6728b678b5a6fe23c61f6/spring-core-4.3.13.RELEASE.jar:/Users/jinyoungkim/.gradle/caches/modules-2/files-2.1/org.springframework/spring-test/4.3.13.RELEASE/f4ff71b0d628d37f334d4f1f197c1b8cea364d01/spring-test-4.3.13.RELEASE.jar:/Users/jinyoungkim/.gradle/caches/modules-2/files-2.1/org.springframework.boot/spring-boot-starter-logging/1.5.9.RELEASE/30fd62a1ce9639759d90d49608501082314c1628/spring-boot-starter-logging-1.5.9.RELEASE.jar:/Users/jinyoungkim/.gradle/caches/modules-2/files-2.1/org.yaml/snakeyaml/1.17/7a27ea250c5130b2922b86dea63cbb1cc10a660c/snakeyaml-1.17.jar:/Users/jinyoungkim/.gradle/caches/modules-2/files-2.1/org.springframework/spring-context/4.3.13.RELEASE/6ab1c189a13182fa3256f6bbc68fafdaf8f5a19e/spring-context-4.3.13.RELEASE.jar:/Users/jinyoungkim/.gradle/caches/modules-2/files-2.1/org.apache.tomcat.embed/tomcat-embed-core/8.5.23/79261793a47f507890ee08f749b9d81774e4f7f0/tomcat-embed-core-8.5.23.jar:/Users/jinyoungkim/.gradle/caches/modules-2/files-2.1/org.apache.tomcat.embed/tomcat-embed-el/8.5.23/98d979cde444dffa6d434c8377d0123b2dfa614c/tomcat-embed-el-8.5.23.jar:/Users/jinyoungkim/.gradle/caches/modules-2/files-2.1/org.apache.tomcat.embed/tomcat-embed-websocket/8.5.23/52f07abcae10dc7e1764304b0877def175c2c833/tomcat-embed-websocket-8.5.23.jar:/Users/jinyoungkim/.gradle/caches/modules-2/files-2.1/javax.validation/validation-api/1.1.0.Final/8613ae82954779d518631e05daa73a6a954817d5/validation-api-1.1.0.Final.jar:/Users/jinyoungkim/.gradle/caches/modules-2/files-2.1/org.jboss.logging/jboss-logging/3.3.1.Final/c46217ab74b532568c0ed31dc599db3048bd1b67/jboss-logging-3.3.1.Final.jar:/Users/jinyoungkim/.gradle/caches/modules-2/files-2.1/com.fasterxml/classmate/1.3.4/3d5f48f10bbe4eb7bd862f10c0583be2e0053c6/classmate-1.3.4.jar:/Users/jinyoungkim/.gradle/caches/modules-2/files-2.1/com.fasterxml.jackson.core/jackson-annotations/2.8.0/45b426f7796b741035581a176744d91090e2e6fb/jackson-annotations-2.8.0.jar:/Users/jinyoungkim/.gradle/caches/modules-2/files-2.1/com.fasterxml.jackson.core/jackson-core/2.8.10/eb21a035c66ad307e66ec8fce37f5d50fd62d039/jackson-core-2.8.10.jar:/Users/jinyoungkim/.gradle/caches/modules-2/files-2.1/org.springframework/spring-aop/4.3.13.RELEASE/61f427b55951f59b50f3c2bd0de3c48960e2a342/spring-aop-4.3.13.RELEASE.jar:/Users/jinyoungkim/.gradle/caches/modules-2/files-2.1/org.springframework/spring-beans/4.3.13.RELEASE/8613a7077722f1d97f8cb3fea4b0b40bfadf4496/spring-beans-4.3.13.RELEASE.jar:/Users/jinyoungkim/.gradle/caches/modules-2/files-2.1/org.springframework/spring-expression/4.3.13.RELEASE/da22bf7df1262e429b49653be6cd5b89b6affe5e/spring-expression-4.3.13.RELEASE.jar:/Users/jinyoungkim/.gradle/caches/modules-2/files-2.1/net.minidev/json-smart/2.2.1/5b9e5df7a62d1279b70dc882b041d249c4f0b002/json-smart-2.2.1.jar:/Users/jinyoungkim/.gradle/caches/modules-2/files-2.1/org.slf4j/slf4j-api/1.7.25/da76ca59f6a57ee3102f8f9bd9cee742973efa8a/slf4j-api-1.7.25.jar:/Users/jinyoungkim/.gradle/caches/modules-2/files-2.1/org.objenesis/objenesis/2.1/87c0ea803b69252868d09308b4618f766f135a96/objenesis-2.1.jar:/Users/jinyoungkim/.gradle/caches/modules-2/files-2.1/com.vaadin.external.google/android-json/0.0.20131108.vaadin1/fa26d351fe62a6a17f5cda1287c1c6110dec413f/android-json-0.0.20131108.vaadin1.jar:/Users/jinyoungkim/.gradle/caches/modules-2/files-2.1/ch.qos.logback/logback-classic/1.1.11/ccedfbacef4a6515d2983e3f89ed753d5d4fb665/logback-classic-1.1.11.jar:/Users/jinyoungkim/.gradle/caches/modules-2/files-2.1/org.slf4j/jcl-over-slf4j/1.7.25/f8c32b13ff142a513eeb5b6330b1588dcb2c0461/jcl-over-slf4j-1.7.25.jar:/Users/jinyoungkim/.gradle/caches/modules-2/files-2.1/org.slf4j/jul-to-slf4j/1.7.25/af5364cd6679bfffb114f0dec8a157aaa283b76/jul-to-slf4j-1.7.25.jar:/Users/jinyoungkim/.gradle/caches/modules-2/files-2.1/org.slf4j/log4j-over-slf4j/1.7.25/a87bb47468f47ee7aabbd54f93e133d4215769c3/log4j-over-slf4j-1.7.25.jar:/Users/jinyoungkim/.gradle/caches/modules-2/files-2.1/org.apache.tomcat/tomcat-annotations-api/8.5.23/aaf17df9fe0240e9e9d5375d24d5f177174b73d9/tomcat-annotations-api-8.5.23.jar:/Users/jinyoungkim/.gradle/caches/modules-2/files-2.1/net.minidev/accessors-smart/1.1/a527213f2fea112a04c9bdf0ec0264e34104cd08/accessors-smart-1.1.jar:/Users/jinyoungkim/.gradle/caches/modules-2/files-2.1/ch.qos.logback/logback-core/1.1.11/88b8df40340eed549fb07e2613879bf6b006704d/logback-core-1.1.11.jar:/Users/jinyoungkim/.gradle/caches/modules-2/files-2.1/org.ow2.asm/asm/5.0.3/dcc2193db20e19e1feca8b1240dbbc4e190824fa/asm-5.0.3.jar, user.name=jinyoungkim, java.vm.specification.version=1.8, sun.java.command=worker.org.gradle.process.internal.worker.GradleWorkerMain 'Gradle Test Executor 1', java.home=/Users/jinyoungkim/.sdkman/candidates/java/8.0.163-zulu/jre, sun.arch.data.model=64, user.language=ko, java.specification.vendor=Oracle Corporation, awt.toolkit=sun.lwawt.macosx.LWCToolkit, java.vm.info=mixed mode, java.version=1.8.0_163, java.ext.dirs=/Users/jinyoungkim/Library/Java/Extensions:/Users/jinyoungkim/.sdkman/candidates/java/8.0.163-zulu/jre/lib/ext:/Library/Java/Extensions:/Network/Library/Java/Extensions:/System/Library/Java/Extensions:/usr/lib/java, sun.boot.class.path=/Users/jinyoungkim/.sdkman/candidates/java/8.0.163-zulu/jre/lib/resources.jar:/Users/jinyoungkim/.sdkman/candidates/java/8.0.163-zulu/jre/lib/rt.jar:/Users/jinyoungkim/.sdkman/candidates/java/8.0.163-zulu/jre/lib/sunrsasign.jar:/Users/jinyoungkim/.sdkman/candidates/java/8.0.163-zulu/jre/lib/jsse.jar:/Users/jinyoungkim/.sdkman/candidates/java/8.0.163-zulu/jre/lib/jce.jar:/Users/jinyoungkim/.sdkman/candidates/java/8.0.163-zulu/jre/lib/charsets.jar:/Users/jinyoungkim/.sdkman/candidates/java/8.0.163-zulu/jre/lib/jfr.jar:/Users/jinyoungkim/.sdkman/candidates/java/8.0.163-zulu/jre/classes, java.vendor=Azul Systems, Inc., org.gradle.test.worker=1, file.separator=/, java.vendor.url.bug=http://www.azulsystems.com/support/, sun.io.unicode.encoding=UnicodeBig, sun.cpu.endian=little, socksNonProxyHosts=local|*.local|169.254/16|*.169.254/16|lx.astxsvc.com|*.lx.astxsvc.com|127.0.0.1:21300|*.127.0.0.1:21300, ftp.nonProxyHosts=local|*.local|169.254/16|*.169.254/16|lx.astxsvc.com|*.lx.astxsvc.com|127.0.0.1:21300|*.127.0.0.1:21300, sun.cpu.isalist=}}, SystemEnvironmentPropertySource@1272834550 {name='systemEnvironment', properties={PATH=/Users/jinyoungkim/.zinit/polaris/sbin:/Users/jinyoungkim/.zinit/polaris/bin:/Users/jinyoungkim/.nvm/versions/node/v14.8.0/bin:/Users/jinyoungkim/.sdkman/candidates/springboot/current/bin:/Users/jinyoungkim/.sdkman/candidates/maven/current/bin:/Users/jinyoungkim/.sdkman/candidates/java/current/bin:/Users/jinyoungkim/.sdkman/candidates/gradle/current/bin:/Library/Frameworks/Python.framework/Versions/3.7/bin:/opt/local/bin:/opt/local/sbin:/usr/local/bin:/usr/bin:/bin:/usr/sbin:/sbin:/usr/local/opt/fzf/bin, APP_ICON_16874=/Users/jinyoungkim/git/hello-world-spring-boot/media/gradle.icns, SDKMAN_VERSION=5.6.3+299, ZDOTDIR=, APP_NAME_16874=Gradle, __INTELLIJ_COMMAND_HISTFILE__=/Users/jinyoungkim/Library/Preferences/IntelliJIdea2019.3/terminal/history/history-51, MAVEN_HOME=/Users/jinyoungkim/.sdkman/candidates/maven/current, P9K_TTY=old, SDKMAN_DIR=/Users/jinyoungkim/.sdkman, INSTANCE_PROFILE_ARN=arn:aws:iam::037729278610:instance-profile/eksctl-demo-dev-nodegroup-ng-1-workers-NodeInstanceProfile-126E3EJFKCP0M, LOGNAME=jinyoungkim, PWD=/Users/jinyoungkim/git/hello-world-spring-boot, SPRINGBOOT_HOME=/Users/jinyoungkim/.sdkman/candidates/springboot/current, ZPFX=/Users/jinyoungkim/.zinit/polaris, NVM_CD_FLAGS=-q, SHELL=/bin/zsh, PAGER=less, SECURITYSESSIONID=186ad, OLDPWD=/Users/jinyoungkim/git/hello-world-spring-boot, ZSH=/Users/jinyoungkim/.oh-my-zsh, P9K_SSH=0, LOGIN_SHELL=1, TMPDIR=/var/folders/v6/m0jzscvs79l077w70n_2tp200000gn/T/, XPC_FLAGS=0x0, __CF_USER_TEXT_ENCODING=0x1F5:0x3:0x33, PROMPT_EOL_MARK=, LESS=-R, LC_CTYPE=ko_KR.UTF-8, SHLVL=1, SDKMAN_CURRENT_API=https://api.sdkman.io/2, JAVA_MAIN_CLASS_16874=org.gradle.wrapper.GradleWrapperMain, JAVA_HOME=/Users/jinyoungkim/.sdkman/candidates/java/current, TERM=xterm-256color, VIRTUAL_ENV_DISABLE_PROMPT=12, JAVA_MAIN_CLASS_16919=worker.org.gradle.process.internal.worker.GradleWorkerMain, GRADLE_HOME=/Users/jinyoungkim/.sdkman/candidates/gradle/current, NVM_INC=/Users/jinyoungkim/.nvm/versions/node/v14.8.0/include/node, XPC_SERVICE_NAME=0, SDKMAN_CANDIDATES_DIR=/Users/jinyoungkim/.sdkman/candidates, PMSPEC=0uUpiPsf, SDKMAN_LEGACY_API=https://api.sdkman.io/1, NVM_DIR=/Users/jinyoungkim/.nvm, LSCOLORS=Gxfxcxdxbxegedabagacad, ZSH_CACHE_DIR=/Users/jinyoungkim/.oh-my-zsh/cache, ROLE_NAME=eksctl-office-space-prod-nodegrou-NodeInstanceRole-1JOUDO8GWJKIN, SDKMAN_PLATFORM=Darwin, USER=jinyoungkim, LaunchInstanceID=B0C77E19-55C0-427F-A1BE-BC7DA049EA32, TERMINAL_EMULATOR=JetBrains-JediTerm, SSH_AUTH_SOCK=/private/tmp/com.apple.launchd.ulHpTt9nXG/Listeners, EDITOR=/usr/local/bin/nvim, NVM_BIN=/Users/jinyoungkim/.nvm/versions/node/v14.8.0/bin, HOME=/Users/jinyoungkim}}]
12:17:15.891 [Test worker] DEBUG org.springframework.core.env.MutablePropertySources - Adding PropertySource 'inline' with highest search precedence
12:17:15.895 [Test worker] DEBUG org.springframework.test.context.support.TestPropertySourceUtils - Adding inlined properties to environment: {spring.jmx.enabled=false, org.springframework.boot.test.context.SpringBootTestContextBootstrapper=true, server.port=-1}
12:17:15.896 [Test worker] DEBUG org.springframework.core.env.StandardEnvironment - Adding PropertySource 'Inlined Test Properties' with highest search precedence

  .   ____          _            __ _ _
 /\\ / ___'_ __ _ _(_)_ __  __ _ \ \ \ \
( ( )\___ | '_ | '_| | '_ \/ _` | \ \ \ \
 \\/  ___)| |_)| | | | | || (_| |  ) ) ) )
  '  |____| .__|_| |_|_| |_\__, | / / / /
 =========|_|==============|___/=/_/_/_/
 :: Spring Boot ::        (v1.5.9.RELEASE)

2020-10-06 12:17:16.382  INFO 16919 --- [    Test worker] i.d.l.h.HelloSpringApplicationTests      : Starting HelloSpringApplicationTests on jinyoungui-MacBook-Pro.local with PID 16919 (started by jinyoungkim in /Users/jinyoungkim/git/hello-world-spring-boot)
2020-10-06 12:17:16.383  INFO 16919 --- [    Test worker] i.d.l.h.HelloSpringApplicationTests      : No active profile set, falling back to default profiles: default
2020-10-06 12:17:16.415  INFO 16919 --- [    Test worker] o.s.w.c.s.GenericWebApplicationContext   : Refreshing org.springframework.web.context.support.GenericWebApplicationContext@730582e5: startup date [Tue Oct 06 12:17:16 KST 2020]; root of context hierarchy
2020-10-06 12:17:18.214  INFO 16919 --- [    Test worker] s.w.s.m.m.a.RequestMappingHandlerAdapter : Looking for @ControllerAdvice: org.springframework.web.context.support.GenericWebApplicationContext@730582e5: startup date [Tue Oct 06 12:17:16 KST 2020]; root of context hierarchy
2020-10-06 12:17:18.296  INFO 16919 --- [    Test worker] s.w.s.m.m.a.RequestMappingHandlerMapping : Mapped "{[/],methods=[GET]}" onto public java.lang.String io.datawire.labs.hellospring.HelloController.sayHello()
2020-10-06 12:17:18.300  INFO 16919 --- [    Test worker] s.w.s.m.m.a.RequestMappingHandlerMapping : Mapped "{[/error]}" onto public org.springframework.http.ResponseEntity<java.util.Map<java.lang.String, java.lang.Object>> org.springframework.boot.autoconfigure.web.BasicErrorController.error(javax.servlet.http.HttpServletRequest)
2020-10-06 12:17:18.300  INFO 16919 --- [    Test worker] s.w.s.m.m.a.RequestMappingHandlerMapping : Mapped "{[/error],produces=[text/html]}" onto public org.springframework.web.servlet.ModelAndView org.springframework.boot.autoconfigure.web.BasicErrorController.errorHtml(javax.servlet.http.HttpServletRequest,javax.servlet.http.HttpServletResponse)
2020-10-06 12:17:18.343  INFO 16919 --- [    Test worker] o.s.w.s.handler.SimpleUrlHandlerMapping  : Mapped URL path [/webjars/**] onto handler of type [class org.springframework.web.servlet.resource.ResourceHttpRequestHandler]
2020-10-06 12:17:18.343  INFO 16919 --- [    Test worker] o.s.w.s.handler.SimpleUrlHandlerMapping  : Mapped URL path [/**] onto handler of type [class org.springframework.web.servlet.resource.ResourceHttpRequestHandler]
2020-10-06 12:17:18.390  INFO 16919 --- [    Test worker] o.s.w.s.handler.SimpleUrlHandlerMapping  : Mapped URL path [/**/favicon.ico] onto handler of type [class org.springframework.web.servlet.resource.ResourceHttpRequestHandler]
2020-10-06 12:17:18.708  INFO 16919 --- [    Test worker] o.s.b.a.e.mvc.EndpointHandlerMapping     : Mapped "{[/trace || /trace.json],methods=[GET],produces=[application/vnd.spring-boot.actuator.v1+json || application/json]}" onto public java.lang.Object org.springframework.boot.actuate.endpoint.mvc.EndpointMvcAdapter.invoke()
2020-10-06 12:17:18.709  INFO 16919 --- [    Test worker] o.s.b.a.e.mvc.EndpointHandlerMapping     : Mapped "{[/auditevents || /auditevents.json],methods=[GET],produces=[application/vnd.spring-boot.actuator.v1+json || application/json]}" onto public org.springframework.http.ResponseEntity<?> org.springframework.boot.actuate.endpoint.mvc.AuditEventsMvcEndpoint.findByPrincipalAndAfterAndType(java.lang.String,java.util.Date,java.lang.String)
2020-10-06 12:17:18.711  INFO 16919 --- [    Test worker] o.s.b.a.e.mvc.EndpointHandlerMapping     : Mapped "{[/env/{name:.*}],methods=[GET],produces=[application/vnd.spring-boot.actuator.v1+json || application/json]}" onto public java.lang.Object org.springframework.boot.actuate.endpoint.mvc.EnvironmentMvcEndpoint.value(java.lang.String)
2020-10-06 12:17:18.711  INFO 16919 --- [    Test worker] o.s.b.a.e.mvc.EndpointHandlerMapping     : Mapped "{[/env || /env.json],methods=[GET],produces=[application/vnd.spring-boot.actuator.v1+json || application/json]}" onto public java.lang.Object org.springframework.boot.actuate.endpoint.mvc.EndpointMvcAdapter.invoke()
2020-10-06 12:17:18.714  INFO 16919 --- [    Test worker] o.s.b.a.e.mvc.EndpointHandlerMapping     : Mapped "{[/configprops || /configprops.json],methods=[GET],produces=[application/vnd.spring-boot.actuator.v1+json || application/json]}" onto public java.lang.Object org.springframework.boot.actuate.endpoint.mvc.EndpointMvcAdapter.invoke()
2020-10-06 12:17:18.714  INFO 16919 --- [    Test worker] o.s.b.a.e.mvc.EndpointHandlerMapping     : Mapped "{[/beans || /beans.json],methods=[GET],produces=[application/vnd.spring-boot.actuator.v1+json || application/json]}" onto public java.lang.Object org.springframework.boot.actuate.endpoint.mvc.EndpointMvcAdapter.invoke()
2020-10-06 12:17:18.715  INFO 16919 --- [    Test worker] o.s.b.a.e.mvc.EndpointHandlerMapping     : Mapped "{[/autoconfig || /autoconfig.json],methods=[GET],produces=[application/vnd.spring-boot.actuator.v1+json || application/json]}" onto public java.lang.Object org.springframework.boot.actuate.endpoint.mvc.EndpointMvcAdapter.invoke()
2020-10-06 12:17:18.717  INFO 16919 --- [    Test worker] o.s.b.a.e.mvc.EndpointHandlerMapping     : Mapped "{[/mappings || /mappings.json],methods=[GET],produces=[application/vnd.spring-boot.actuator.v1+json || application/json]}" onto public java.lang.Object org.springframework.boot.actuate.endpoint.mvc.EndpointMvcAdapter.invoke()
2020-10-06 12:17:18.718  INFO 16919 --- [    Test worker] o.s.b.a.e.mvc.EndpointHandlerMapping     : Mapped "{[/heapdump || /heapdump.json],methods=[GET],produces=[application/octet-stream]}" onto public void org.springframework.boot.actuate.endpoint.mvc.HeapdumpMvcEndpoint.invoke(boolean,javax.servlet.http.HttpServletRequest,javax.servlet.http.HttpServletResponse) throws java.io.IOException,javax.servlet.ServletException
2020-10-06 12:17:18.720  INFO 16919 --- [    Test worker] o.s.b.a.e.mvc.EndpointHandlerMapping     : Mapped "{[/metrics/{name:.*}],methods=[GET],produces=[application/vnd.spring-boot.actuator.v1+json || application/json]}" onto public java.lang.Object org.springframework.boot.actuate.endpoint.mvc.MetricsMvcEndpoint.value(java.lang.String)
2020-10-06 12:17:18.720  INFO 16919 --- [    Test worker] o.s.b.a.e.mvc.EndpointHandlerMapping     : Mapped "{[/metrics || /metrics.json],methods=[GET],produces=[application/vnd.spring-boot.actuator.v1+json || application/json]}" onto public java.lang.Object org.springframework.boot.actuate.endpoint.mvc.EndpointMvcAdapter.invoke()
2020-10-06 12:17:18.721  INFO 16919 --- [    Test worker] o.s.b.a.e.mvc.EndpointHandlerMapping     : Mapped "{[/health || /health.json],methods=[GET],produces=[application/vnd.spring-boot.actuator.v1+json || application/json]}" onto public java.lang.Object org.springframework.boot.actuate.endpoint.mvc.HealthMvcEndpoint.invoke(javax.servlet.http.HttpServletRequest,java.security.Principal)
2020-10-06 12:17:18.722  INFO 16919 --- [    Test worker] o.s.b.a.e.mvc.EndpointHandlerMapping     : Mapped "{[/dump || /dump.json],methods=[GET],produces=[application/vnd.spring-boot.actuator.v1+json || application/json]}" onto public java.lang.Object org.springframework.boot.actuate.endpoint.mvc.EndpointMvcAdapter.invoke()
2020-10-06 12:17:18.724  INFO 16919 --- [    Test worker] o.s.b.a.e.mvc.EndpointHandlerMapping     : Mapped "{[/info || /info.json],methods=[GET],produces=[application/vnd.spring-boot.actuator.v1+json || application/json]}" onto public java.lang.Object org.springframework.boot.actuate.endpoint.mvc.EndpointMvcAdapter.invoke()
2020-10-06 12:17:18.726  INFO 16919 --- [    Test worker] o.s.b.a.e.mvc.EndpointHandlerMapping     : Mapped "{[/loggers/{name:.*}],methods=[GET],produces=[application/vnd.spring-boot.actuator.v1+json || application/json]}" onto public java.lang.Object org.springframework.boot.actuate.endpoint.mvc.LoggersMvcEndpoint.get(java.lang.String)
2020-10-06 12:17:18.726  INFO 16919 --- [    Test worker] o.s.b.a.e.mvc.EndpointHandlerMapping     : Mapped "{[/loggers/{name:.*}],methods=[POST],consumes=[application/vnd.spring-boot.actuator.v1+json || application/json],produces=[application/vnd.spring-boot.actuator.v1+json || application/json]}" onto public java.lang.Object org.springframework.boot.actuate.endpoint.mvc.LoggersMvcEndpoint.set(java.lang.String,java.util.Map<java.lang.String, java.lang.String>)
2020-10-06 12:17:18.727  INFO 16919 --- [    Test worker] o.s.b.a.e.mvc.EndpointHandlerMapping     : Mapped "{[/loggers || /loggers.json],methods=[GET],produces=[application/vnd.spring-boot.actuator.v1+json || application/json]}" onto public java.lang.Object org.springframework.boot.actuate.endpoint.mvc.EndpointMvcAdapter.invoke()
2020-10-06 12:17:18.977  INFO 16919 --- [    Test worker] i.d.l.h.HelloSpringApplicationTests      : Started HelloSpringApplicationTests in 3.072 seconds (JVM running for 4.014)
]]></system-out>
  <system-err><![CDATA[]]></system-err>
</testsuite>
